生成启动时间为 2016/1/12 11:12:47。
     1>项目“C:\Users\dell\Desktop\作业\CLOCK\CLOCK\CLOCK.vcxproj”在节点 2 上(build 个目标)。
     1>InitializeBuildStatus:
         正在创建“Debug\CLOCK.unsuccessfulbuild”，因为已指定“AlwaysCreate”。
       ClCompile:
         所有输出均为最新。
         E:\vvs20101010\VC\bin\CL.exe /c /ZI /nologo /W3 /WX- /Od /Oy- /D WIN32 /D _WINDOWS /D _DEBUG /D _UNICODE /D UNICODE /D _AFXDLL /Gm /EHsc /RTC1 /MDd /GS /fp:precise /Zc:wchar_t /Zc:forScope /Yu"StdAfx.h" /Fp"Debug\CLOCK.pch" /Fo"Debug\\" /Fd"Debug\vc100.pdb" /Gd /TP /analyze- /errorReport:prompt CLOCKDlg.cpp
         CLOCKDlg.cpp
     1>c:\users\dell\desktop\作业\clock\clock\clockdlg.cpp(202): warning C4244: “参数”: 从“double”转换到“int”，可能丢失数据
     1>c:\users\dell\desktop\作业\clock\clock\clockdlg.cpp(202): warning C4244: “参数”: 从“double”转换到“int”，可能丢失数据
     1>c:\users\dell\desktop\作业\clock\clock\clockdlg.cpp(202): warning C4244: “参数”: 从“double”转换到“int”，可能丢失数据
     1>c:\users\dell\desktop\作业\clock\clock\clockdlg.cpp(202): warning C4244: “参数”: 从“double”转换到“int”，可能丢失数据
     1>c:\users\dell\desktop\作业\clock\clock\clockdlg.cpp(214): warning C4244: “参数”: 从“double”转换到“int”，可能丢失数据
     1>c:\users\dell\desktop\作业\clock\clock\clockdlg.cpp(214): warning C4244: “参数”: 从“double”转换到“int”，可能丢失数据
     1>c:\users\dell\desktop\作业\clock\clock\clockdlg.cpp(220): warning C4244: “参数”: 从“double”转换到“int”，可能丢失数据
     1>c:\users\dell\desktop\作业\clock\clock\clockdlg.cpp(220): warning C4244: “参数”: 从“double”转换到“int”，可能丢失数据
     1>c:\users\dell\desktop\作业\clock\clock\clockdlg.cpp(226): warning C4244: “参数”: 从“double”转换到“int”，可能丢失数据
     1>c:\users\dell\desktop\作业\clock\clock\clockdlg.cpp(226): warning C4244: “参数”: 从“double”转换到“int”，可能丢失数据
     1>c:\users\dell\desktop\作业\clock\clock\clockdlg.cpp(232): warning C4244: “参数”: 从“double”转换到“int”，可能丢失数据
     1>c:\users\dell\desktop\作业\clock\clock\clockdlg.cpp(232): warning C4244: “参数”: 从“double”转换到“int”，可能丢失数据
     1>c:\users\dell\desktop\作业\clock\clock\clockdlg.cpp(238): warning C4244: “参数”: 从“double”转换到“int”，可能丢失数据
     1>c:\users\dell\desktop\作业\clock\clock\clockdlg.cpp(238): warning C4244: “参数”: 从“double”转换到“int”，可能丢失数据
     1>c:\users\dell\desktop\作业\clock\clock\clockdlg.cpp(244): warning C4244: “参数”: 从“double”转换到“int”，可能丢失数据
     1>c:\users\dell\desktop\作业\clock\clock\clockdlg.cpp(244): warning C4244: “参数”: 从“double”转换到“int”，可能丢失数据
       ResourceCompile:
         所有输出均为最新。
       ManifestResourceCompile:
         所有输出均为最新。
       Link:
         E:\vvs20101010\VC\bin\link.exe /ERRORREPORT:PROMPT /OUT:"C:\Users\dell\Desktop\作业\CLOCK\Debug\CLOCK.exe" /INCREMENTAL /NOLOGO /MANIFEST /ManifestFile:"Debug\CLOCK.exe.intermediate.manifest" /MANIFESTUAC:"level='asInvoker' uiAccess='false'" /DEBUG /PDB:"C:\Users\dell\Desktop\作业\CLOCK\Debug\CLOCK.pdb" /SUBSYSTEM:WINDOWS /TLBID:1 /ENTRY:"wWinMainCRTStartup" /DYNAMICBASE /NXCOMPAT /IMPLIB:"C:\Users\dell\Desktop\作业\CLOCK\Debug\CLOCK.lib" /MACHINE:X86 Debug\CLOCK.res
         Debug\CLOCK.exe.embed.manifest.res
         Debug\CLOCK.obj
         Debug\CLOCKDlg.obj
         Debug\stdafx.obj
       Manifest:
         C:\Program Files (x86)\Microsoft SDKs\Windows\v7.0A\bin\mt.exe /nologo /verbose /out:"Debug\CLOCK.exe.embed.manifest" /manifest Debug\CLOCK.exe.intermediate.manifest E:\vvs20101010\VC\Include\Manifest\dpiaware.manifest
         所有输出均为最新。
       LinkEmbedManifest:
         所有输出均为最新。
         CLOCK.vcxproj -> C:\Users\dell\Desktop\作业\CLOCK\Debug\CLOCK.exe
       FinalizeBuildStatus:
         正在删除文件“Debug\CLOCK.unsuccessfulbuild”。
         正在对“Debug\CLOCK.lastbuildstate”执行 Touch 任务。
     1>已完成生成项目“C:\Users\dell\Desktop\作业\CLOCK\CLOCK\CLOCK.vcxproj”(build 个目标)的操作。

生成成功。

已用时间 00:00:06.59
